<?xml version="1.0" encoding="UTF-8"?>
<testsuite name="Get users feature" tests="1" skipped="0" failures="0" errors="0" timestamp="2023-07-13T21:05:03" hostname="Julians-MacBook-Air.local" time="0.833">
  <properties/>
  <testcase name="Get a single user" classname="starter.features.users.GetUsers" time="0.833"/>
  <system-out><![CDATA[UserData(name=pepe, id=1)
UserData(name=maria, id=2)
UserData(name=jose, id=3)
UserData(name=jesus, id=4)
UserData(name=josefa, id=5)
]]></system-out>
  <system-err><![CDATA[]]></system-err>
</testsuite>
